2024-09-24 16:55:19,850 [Worker-2: Loading available Gradle versions] INFO  o.e.b.c.i.u.g.PublishedGradleVersions - Gradle version information cache is not available. Remote download required.
2024-09-24 16:56:40,890 [Worker-6: Updating Maven Dependencies] INFO  o.e.m.c.i.l.LifecycleMappingFactory - Using org.eclipse.m2e.jdt.JarLifecycleMapping lifecycle mapping for MavenProject: com.bolsadeideas.springboot.reactor:spring-boot-reactor:0.0.1-SNAPSHOT @ C:\Users\estef\Documents\Workspace\SpringWebFlux\workspace\spring-boot-reactor\pom.xml.
2024-09-24 16:56:41,494 [Worker-0: Building] INFO  o.e.m.c.i.l.LifecycleMappingFactory - Using org.eclipse.m2e.jdt.JarLifecycleMapping lifecycle mapping for MavenProject: com.bolsadeideas.springboot.reactor:spring-boot-reactor:0.0.1-SNAPSHOT @ C:\Users\estef\Documents\Workspace\SpringWebFlux\workspace\spring-boot-reactor\pom.xml.
2024-09-24 16:56:42,989 [Worker-0: Building] INFO  o.a.m.s.f.DefaultMavenResourcesFiltering - Copying 1 resource from src\main\resources to target\classes
2024-09-24 16:56:43,018 [Worker-0: Building] INFO  o.a.m.s.f.DefaultMavenResourcesFiltering - Copying 0 resource from src\main\resources to target\classes
2024-09-24 16:56:43,028 [Worker-0: Building] INFO  o.a.m.s.f.DefaultMavenResourcesFiltering - skip non existing resourceDirectory C:\Users\estef\Documents\Workspace\SpringWebFlux\workspace\spring-boot-reactor\src\test\resources
2024-09-24 16:56:43,848 [Worker-10: Building] INFO  o.a.m.s.f.DefaultMavenResourcesFiltering - Copying 1 resource from src\main\resources to target\classes
2024-09-24 16:56:43,851 [Worker-10: Building] INFO  o.a.m.s.f.DefaultMavenResourcesFiltering - Copying 0 resource from src\main\resources to target\classes
2024-09-24 16:56:43,857 [Worker-10: Building] INFO  o.a.m.s.f.DefaultMavenResourcesFiltering - skip non existing resourceDirectory C:\Users\estef\Documents\Workspace\SpringWebFlux\workspace\spring-boot-reactor\src\test\resources
2024-09-24 16:56:44,849 [Worker-6: Updating Maven Dependencies] INFO  o.e.m.c.i.l.LifecycleMappingFactory - Using org.eclipse.m2e.jdt.JarLifecycleMapping lifecycle mapping for MavenProject: com.bolsadeideas.springboot.reactor:spring-boot-reactor:0.0.1-SNAPSHOT @ C:\Users\estef\Documents\Workspace\SpringWebFlux\workspace\spring-boot-reactor\pom.xml.
2024-09-24 16:57:04,401 [Worker-1: Building] INFO  o.e.m.c.i.l.LifecycleMappingFactory - Using org.eclipse.m2e.jdt.JarLifecycleMapping lifecycle mapping for MavenProject: com.bolsadeideas.springboot.webflux:spring-boot-webflux:0.0.1-SNAPSHOT @ C:\Users\estef\Documents\Workspace\SpringWebFlux\workspace\spring-boot-webflux\pom.xml.
2024-09-24 16:57:05,451 [Worker-1: Building] INFO  o.a.m.s.f.DefaultMavenResourcesFiltering - Copying 1 resource from src\main\resources to target\classes
2024-09-24 16:57:05,468 [Worker-1: Building] INFO  o.a.m.s.f.DefaultMavenResourcesFiltering - Copying 0 resource from src\main\resources to target\classes
2024-09-24 16:57:05,475 [Worker-1: Building] INFO  o.a.m.s.f.DefaultMavenResourcesFiltering - skip non existing resourceDirectory C:\Users\estef\Documents\Workspace\SpringWebFlux\workspace\spring-boot-webflux\src\test\resources
2024-09-24 16:57:06,178 [Worker-10: Updating Maven Dependencies] INFO  o.e.m.c.i.l.LifecycleMappingFactory - Using org.eclipse.m2e.jdt.JarLifecycleMapping lifecycle mapping for MavenProject: com.bolsadeideas.springboot.webflux:spring-boot-webflux:0.0.1-SNAPSHOT @ C:\Users\estef\Documents\Workspace\SpringWebFlux\workspace\spring-boot-webflux\pom.xml.
2024-09-24 16:57:06,482 [Worker-4: Building] INFO  o.a.m.s.f.DefaultMavenResourcesFiltering - Copying 1 resource from src\main\resources to target\classes
2024-09-24 16:57:06,512 [Worker-4: Building] INFO  o.a.m.s.f.DefaultMavenResourcesFiltering - Copying 0 resource from src\main\resources to target\classes
2024-09-24 16:57:06,519 [Worker-4: Building] INFO  o.a.m.s.f.DefaultMavenResourcesFiltering - skip non existing resourceDirectory C:\Users\estef\Documents\Workspace\SpringWebFlux\workspace\spring-boot-webflux\src\test\resources
2024-09-24 17:03:40,143 [Worker-11: Building] INFO  o.a.m.s.f.DefaultMavenResourcesFiltering - Copying 1 resource from src\main\resources to target\classes
2024-09-24 17:03:40,153 [Worker-11: Building] INFO  o.a.m.s.f.DefaultMavenResourcesFiltering - Copying 0 resource from src\main\resources to target\classes
2024-09-24 17:03:40,158 [Worker-11: Building] INFO  o.a.m.s.f.DefaultMavenResourcesFiltering - skip non existing resourceDirectory C:\Users\estef\Documents\Workspace\SpringWebFlux\workspace\spring-boot-webflux\src\test\resources
2024-09-24 17:13:06,028 [Worker-11: Building] INFO  o.a.m.s.f.DefaultMavenResourcesFiltering - Copying 1 resource from src\main\resources to target\classes
2024-09-24 17:13:06,036 [Worker-11: Building] INFO  o.a.m.s.f.DefaultMavenResourcesFiltering - Copying 0 resource from src\main\resources to target\classes
2024-09-24 17:13:06,043 [Worker-11: Building] INFO  o.a.m.s.f.DefaultMavenResourcesFiltering - skip non existing resourceDirectory C:\Users\estef\Documents\Workspace\SpringWebFlux\workspace\spring-boot-webflux\src\test\resources
